
oct. 01, 2016 20:21:12.33 NEW SESSION
oct. 01, 2016 20:21:12.33 Vector smash protection is enabled.
oct. 01, 2016 21:00:43.89 _getDefinitionSite threw an exception: [object Object]
oct. 01, 2016 21:00:43.89 console.error: 
oct. 01, 2016 21:00:43.89   _getDefinitionSite threw an exception: [object Object]
oct. 01, 2016 21:00:45.78 _getDefinitionSite threw an exception: [object Object]
oct. 01, 2016 21:00:45.78 console.error: 
oct. 01, 2016 21:00:45.79   _getDefinitionSite threw an exception: [object Object]
oct. 01, 2016 21:49:32.31 Handler function threw an exception: [Exception... "Component returned failure code: 0x80004001 (NS_ERROR_NOT_IMPLEMENTED) [nsIHttpChannel.loadInfo]"  nsresult: "0x80004001 (NS_ERROR_NOT_IMPLEMENTED)"  location: "JS frame :: resource://gre/modules/commonjs/toolkit/loader.js -> resource://devtools/shared/webconsole/network-monitor.js :: matchRequest :: line 61"  data: no]
oct. 01, 2016 21:49:32.31 Stack: matchRequest@resource://gre/modules/commonjs/toolkit/loader.js -> resource://devtools/shared/webconsole/network-monitor.js:61:7
oct. 01, 2016 21:49:32.31 NetworkMonitor.prototype._onRequestHeader@resource://gre/modules/commonjs/toolkit/loader.js -> resource://devtools/shared/webconsole/network-monitor.js:1093:10
oct. 01, 2016 21:49:32.31 NetworkMonitor.prototype.observeActivity<@resource://gre/modules/commonjs/toolkit/loader.js -> resource://devtools/shared/webconsole/network-monitor.js:931:7
oct. 01, 2016 21:49:32.31 exports.makeInfallible/<@resource://gre/modules/commonjs/toolkit/loader.js -> resource://devtools/shared/ThreadSafeDevToolsUtils.js:101:14
oct. 01, 2016 21:49:32.31 Line: 61, column: 0
oct. 01, 2016 21:49:32.31 console.error: 
oct. 01, 2016 21:49:32.31   Handler function threw an exception: [Exception... "Component returned failure code: 0x80004001 (NS_ERROR_NOT_IMPLEMENTED) [nsIHttpChannel.loadInfo]"  nsresult: "0x80004001 (NS_ERROR_NOT_IMPLEMENTED)"  location: "JS frame :: resource://gre/modules/commonjs/toolkit/loader.js -> resource://devtools/shared/webconsole/network-monitor.js :: matchRequest :: line 61"  data: no]
oct. 01, 2016 21:49:32.31 Stack: matchRequest@resource://gre/modules/commonjs/toolkit/loader.js -> resource://devtools/shared/webconsole/network-monitor.js:61:7
oct. 01, 2016 21:49:32.31 NetworkMonitor.prototype._onRequestHeader@resource://gre/modules/commonjs/toolkit/loader.js -> resource://devtools/shared/webconsole/network-monitor.js:1093:10
oct. 01, 2016 21:49:32.31 NetworkMonitor.prototype.observeActivity<@resource://gre/modules/commonjs/toolkit/loader.js -> resource://devtools/shared/webconsole/network-monitor.js:931:7
oct. 01, 2016 21:49:32.31 exports.makeInfallible/<@resource://gre/modules/commonjs/toolkit/loader.js -> resource://devtools/shared/ThreadSafeDevToolsUtils.js:101:14
oct. 01, 2016 21:49:32.31 Line: 61, column: 0
oct. 01, 2016 23:07:32.92 *************************
oct. 01, 2016 23:07:32.92 A coding exception was thrown and uncaught in a Task.
oct. 01, 2016 23:07:32.92 
oct. 01, 2016 23:07:32.92 Full message: TypeError: parent is null
oct. 01, 2016 23:07:32.92 Full stack: MarkupView.prototype._isImagePreviewTarget<@resource://gre/modules/commonjs/toolkit/loader.js -> resource://devtools/client/inspector/markup/markup.js:495:1
oct. 01, 2016 23:07:32.92 TaskImpl.prototype._run@resource://gre/modules/commonjs/toolkit/loader.js -> resource://devtools/shared/task.js:310:39
oct. 01, 2016 23:07:32.92 TaskImpl@resource://gre/modules/commonjs/toolkit/loader.js -> resource://devtools/shared/task.js:272:3
oct. 01, 2016 23:07:32.92 createAsyncFunction/asyncFunction@resource://gre/modules/commonjs/toolkit/loader.js -> resource://devtools/shared/task.js:246:14
oct. 01, 2016 23:07:32.92 TooltipToggle.prototype.isValidHoverTarget<@resource://gre/modules/commonjs/toolkit/loader.js -> resource://devtools/client/shared/widgets/tooltip/TooltipToggle.js:147:21
oct. 01, 2016 23:07:32.92 TaskImpl.prototype._run@resource://gre/modules/commonjs/toolkit/loader.js -> resource://devtools/shared/task.js:310:39
oct. 01, 2016 23:07:32.92 TaskImpl@resource://gre/modules/commonjs/toolkit/loader.js -> resource://devtools/shared/task.js:272:3
oct. 01, 2016 23:07:32.92 createAsyncFunction/asyncFunction@resource://gre/modules/commonjs/toolkit/loader.js -> resource://devtools/shared/task.js:246:14
oct. 01, 2016 23:07:32.92 TooltipToggle.prototype._onMouseMove/this.toggleTimer<@resource://gre/modules/commonjs/toolkit/loader.js -> resource://devtools/client/shared/widgets/tooltip/TooltipToggle.js:127:9
oct. 01, 2016 23:07:32.93 
oct. 01, 2016 23:07:32.93 *************************
oct. 01, 2016 23:07:32.93 *************************
oct. 01, 2016 23:07:32.93 A coding exception was thrown and uncaught in a Task.
oct. 01, 2016 23:07:32.93 
oct. 01, 2016 23:07:32.93 Full message: TypeError: parent is null
oct. 01, 2016 23:07:32.93 Full stack: MarkupView.prototype._isImagePreviewTarget<@resource://gre/modules/commonjs/toolkit/loader.js -> resource://devtools/client/inspector/markup/markup.js:495:1
oct. 01, 2016 23:07:32.93 TaskImpl.prototype._run@resource://gre/modules/commonjs/toolkit/loader.js -> resource://devtools/shared/task.js:310:39
oct. 01, 2016 23:07:32.93 TaskImpl@resource://gre/modules/commonjs/toolkit/loader.js -> resource://devtools/shared/task.js:272:3
oct. 01, 2016 23:07:32.93 createAsyncFunction/asyncFunction@resource://gre/modules/commonjs/toolkit/loader.js -> resource://devtools/shared/task.js:246:14
oct. 01, 2016 23:07:32.93 TooltipToggle.prototype.isValidHoverTarget<@resource://gre/modules/commonjs/toolkit/loader.js -> resource://devtools/client/shared/widgets/tooltip/TooltipToggle.js:147:21
oct. 01, 2016 23:07:32.93 TaskImpl.prototype._run@resource://gre/modules/commonjs/toolkit/loader.js -> resource://devtools/shared/task.js:310:39
oct. 01, 2016 23:07:32.93 TaskImpl@resource://gre/modules/commonjs/toolkit/loader.js -> resource://devtools/shared/task.js:272:3
oct. 01, 2016 23:07:32.93 createAsyncFunction/asyncFunction@resource://gre/modules/commonjs/toolkit/loader.js -> resource://devtools/shared/task.js:246:14
oct. 01, 2016 23:07:32.93 TooltipToggle.prototype._onMouseMove/this.toggleTimer<@resource://gre/modules/commonjs/toolkit/loader.js -> resource://devtools/client/shared/widgets/tooltip/TooltipToggle.js:127:9
oct. 01, 2016 23:07:32.93 
oct. 01, 2016 23:07:32.93 *************************
oct. 01, 2016 23:07:32.93 console.error: 
oct. 01, 2016 23:07:32.93   isValidHoverTarget rejected with unexpected reason:
oct. 01, 2016 23:07:32.93 console.error: 
oct. 01, 2016 23:07:32.93   Message: TypeError: parent is null
oct. 01, 2016 23:07:32.93   Stack:
oct. 01, 2016 23:07:32.93     MarkupView.prototype._isImagePreviewTarget<@resource://gre/modules/commonjs/toolkit/loader.js -> resource://devtools/client/inspector/markup/markup.js:495:1
oct. 01, 2016 23:07:32.93 TaskImpl.prototype._run@resource://gre/modules/commonjs/toolkit/loader.js -> resource://devtools/shared/task.js:310:39
oct. 01, 2016 23:07:32.93 TaskImpl@resource://gre/modules/commonjs/toolkit/loader.js -> resource://devtools/shared/task.js:272:3
oct. 01, 2016 23:07:32.93 createAsyncFunction/asyncFunction@resource://gre/modules/commonjs/toolkit/loader.js -> resource://devtools/shared/task.js:246:14
oct. 01, 2016 23:07:32.93 TooltipToggle.prototype.isValidHoverTarget<@resource://gre/modules/commonjs/toolkit/loader.js -> resource://devtools/client/shared/widgets/tooltip/TooltipToggle.js:147:21
oct. 01, 2016 23:07:32.93 TaskImpl.prototype._run@resource://gre/modules/commonjs/toolkit/loader.js -> resource://devtools/shared/task.js:310:39
oct. 01, 2016 23:07:32.93 TaskImpl@resource://gre/modules/commonjs/toolkit/loader.js -> resource://devtools/shared/task.js:272:3
oct. 01, 2016 23:07:32.93 createAsyncFunction/asyncFunction@resource://gre/modules/commonjs/toolkit/loader.js -> resource://devtools/shared/task.js:246:14
oct. 01, 2016 23:07:32.93 TooltipToggle.prototype._onMouseMove/this.toggleTimer<@resource://gre/modules/commonjs/toolkit/loader.js -> resource://devtools/client/shared/widgets/tooltip/TooltipToggle.js:127:9
oct. 01, 2016 23:07:32.93 
oct. 01, 2016 23:26:22.51 Vector smash protection is enabled.

oct. 13, 2016 18:51:06.72 NEW SESSION
oct. 13, 2016 18:51:06.72 1476377466725	addons.webextension.rested@restedclient	WARN	Loading extension 'rested@restedclient': Reading manifest: Error processing contributors: An unexpected property was found in the WebExtension manifest.
oct. 13, 2016 18:51:06.75 1476377466725	addons.webextension.rested@restedclient	WARN	Loading extension 'rested@restedclient': Reading manifest: Error processing license: An unexpected property was found in the WebExtension manifest.
oct. 13, 2016 18:51:06.75 1476377466755	addons.webextension.rested@restedclient	WARN	Please specify whether you want browser_style or not in your browser_action options.
oct. 13, 2016 19:00:06.75 console.warn: nsLoginManager: searchLogins: `formSubmitURL` or `httpRealm` is recommended
oct. 13, 2016 19:18:34.98 console.warn: nsLoginManager: searchLogins: `formSubmitURL` or `httpRealm` is recommended

oct. 15, 2016 15:18:31.69 NEW SESSION
oct. 15, 2016 15:18:31.69 1476537511700	addons.webextension.rested@restedclient	WARN	Loading extension 'rested@restedclient': Reading manifest: Error processing contributors: An unexpected property was found in the WebExtension manifest.
oct. 15, 2016 15:18:31.69 1476537511700	addons.webextension.rested@restedclient	WARN	Loading extension 'rested@restedclient': Reading manifest: Error processing license: An unexpected property was found in the WebExtension manifest.
oct. 15, 2016 15:18:31.71 1476537511727	addons.webextension.rested@restedclient	WARN	Please specify whether you want browser_style or not in your browser_action options.
oct. 15, 2016 15:19:33.46 1476537573463	addons.productaddons	WARN	Failed downloading XML, status: 0, reason: error
oct. 15, 2016 15:28:31.36 1476538111369	addons.repository	WARN	Search failed when repopulating cache
oct. 15, 2016 15:28:31.48 1476538111484	addons.update-checker	WARN	HTTP Request failed for an unknown reason
oct. 15, 2016 15:28:31.48 1476538111485	addons.update-checker	WARN	HTTP Request failed for an unknown reason
oct. 15, 2016 15:28:31.48 1476538111486	addons.update-checker	WARN	HTTP Request failed for an unknown reason
oct. 15, 2016 15:28:31.48 1476538111487	addons.update-checker	WARN	HTTP Request failed for an unknown reason
oct. 15, 2016 15:28:31.48 1476538111488	addons.update-checker	WARN	HTTP Request failed for an unknown reason
oct. 15, 2016 15:28:31.49 1476538111490	addons.update-checker	WARN	HTTP Request failed for an unknown reason
oct. 15, 2016 15:28:31.49 1476538111492	addons.update-checker	WARN	HTTP Request failed for an unknown reason
oct. 15, 2016 15:28:31.49 1476538111493	addons.update-checker	WARN	HTTP Request failed for an unknown reason
oct. 15, 2016 15:28:31.49 1476538111493	addons.update-checker	WARN	HTTP Request failed for an unknown reason
oct. 15, 2016 15:28:31.49 1476538111494	addons.update-checker	WARN	HTTP Request failed for an unknown reason
oct. 15, 2016 15:28:31.49 1476538111495	addons.update-checker	WARN	HTTP Request failed for an unknown reason
oct. 15, 2016 15:28:31.49 1476538111496	addons.update-checker	WARN	HTTP Request failed for an unknown reason
oct. 15, 2016 15:28:31.49 1476538111497	addons.update-checker	WARN	HTTP Request failed for an unknown reason
oct. 15, 2016 15:28:31.49 1476538111497	addons.update-checker	WARN	HTTP Request failed for an unknown reason
oct. 15, 2016 15:28:31.49 1476538111498	addons.update-checker	WARN	HTTP Request failed for an unknown reason
oct. 15, 2016 15:28:31.50 1476538111500	addons.update-checker	WARN	HTTP Request failed for an unknown reason
oct. 15, 2016 15:28:31.50 1476538111500	addons.update-checker	WARN	HTTP Request failed for an unknown reason
oct. 15, 2016 15:28:31.50 1476538111501	addons.update-checker	WARN	HTTP Request failed for an unknown reason
oct. 15, 2016 15:28:31.50 1476538111502	addons.update-checker	WARN	HTTP Request failed for an unknown reason
oct. 15, 2016 15:28:31.50 1476538111503	addons.update-checker	WARN	HTTP Request failed for an unknown reason
oct. 15, 2016 15:28:31.50 1476538111503	addons.update-checker	WARN	HTTP Request failed for an unknown reason
oct. 15, 2016 15:28:31.50 1476538111504	addons.productaddons	WARN	Failed downloading XML, status: 0, reason: error
oct. 15, 2016 15:28:31.50 1476538111505	addons.productaddons	WARN	Failed downloading XML, status: 0, reason: error
oct. 15, 2016 15:28:31.50 1476538111506	addons.productaddons	WARN	Failed downloading XML, status: 0, reason: error

oct. 15, 2016 20:47:25.45 NEW SESSION
oct. 15, 2016 20:47:25.45 1476557245449	addons.webextension.rested@restedclient	WARN	Loading extension 'rested@restedclient': Reading manifest: Error processing contributors: An unexpected property was found in the WebExtension manifest.
oct. 15, 2016 20:47:25.45 1476557245449	addons.webextension.rested@restedclient	WARN	Loading extension 'rested@restedclient': Reading manifest: Error processing license: An unexpected property was found in the WebExtension manifest.
oct. 15, 2016 20:47:25.46 1476557245466	addons.webextension.rested@restedclient	WARN	Please specify whether you want browser_style or not in your browser_action options.
oct. 15, 2016 20:48:26.43 1476557306436	addons.productaddons	WARN	Failed downloading XML, status: 0, reason: error

oct. 19, 2016 14:11:51.29 NEW SESSION
oct. 19, 2016 14:11:51.29 1476879111290	addons.webextension.rested@restedclient	WARN	Loading extension 'rested@restedclient': Reading manifest: Error processing contributors: An unexpected property was found in the WebExtension manifest.
oct. 19, 2016 14:11:51.29 1476879111291	addons.webextension.rested@restedclient	WARN	Loading extension 'rested@restedclient': Reading manifest: Error processing license: An unexpected property was found in the WebExtension manifest.
oct. 19, 2016 14:11:51.32 1476879111320	addons.webextension.rested@restedclient	WARN	Please specify whether you want browser_style or not in your browser_action options.
oct. 19, 2016 14:11:52.84 Couldn't get object: TypeError: Components.classes[cid] is undefined
oct. 19, 2016 14:11:52.84 Couldn't get string: closeAndStopPicking
oct. 19, 2016 14:12:21.03 1476879141030	addons.webextension.rested@restedclient	WARN	Loading extension 'rested@restedclient': Reading manifest: Error processing contributors: An unexpected property was found in the WebExtension manifest.
oct. 19, 2016 14:12:21.03 1476879141030	addons.webextension.rested@restedclient	WARN	Loading extension 'rested@restedclient': Reading manifest: Error processing license: An unexpected property was found in the WebExtension manifest.
oct. 19, 2016 14:12:21.04 1476879141047	addons.webextension.rested@restedclient	WARN	Please specify whether you want browser_style or not in your browser_action options.
oct. 19, 2016 14:12:22.19 Couldn't get object: TypeError: Components.classes[cid] is undefined
oct. 19, 2016 14:12:22.19 Couldn't get string: closeAndStopPicking
oct. 19, 2016 14:17:56.03 1476879476033	addons.webextension.rested@restedclient	WARN	Loading extension 'rested@restedclient': Reading manifest: Error processing contributors: An unexpected property was found in the WebExtension manifest.
oct. 19, 2016 14:17:56.03 1476879476034	addons.webextension.rested@restedclient	WARN	Loading extension 'rested@restedclient': Reading manifest: Error processing license: An unexpected property was found in the WebExtension manifest.
oct. 19, 2016 14:17:56.05 1476879476054	addons.webextension.rested@restedclient	WARN	Please specify whether you want browser_style or not in your browser_action options.
oct. 19, 2016 14:17:57.05 Couldn't get object: TypeError: Components.classes[cid] is undefined
oct. 19, 2016 14:17:57.05 Couldn't get string: closeAndStopPicking
oct. 19, 2016 14:18:14.02 1476879494022	addons.webextension.rested@restedclient	WARN	Loading extension 'rested@restedclient': Reading manifest: Error processing contributors: An unexpected property was found in the WebExtension manifest.
oct. 19, 2016 14:18:14.02 1476879494023	addons.webextension.rested@restedclient	WARN	Loading extension 'rested@restedclient': Reading manifest: Error processing license: An unexpected property was found in the WebExtension manifest.
oct. 19, 2016 14:18:14.04 1476879494043	addons.webextension.rested@restedclient	WARN	Please specify whether you want browser_style or not in your browser_action options.
oct. 19, 2016 14:18:15.05 Couldn't get object: TypeError: Components.classes[cid] is undefined
oct. 19, 2016 14:18:15.05 Couldn't get string: closeAndStopPicking
oct. 19, 2016 14:25:44.74 1476879944748	addons.webextension.rested@restedclient	WARN	Loading extension 'rested@restedclient': Reading manifest: Error processing contributors: An unexpected property was found in the WebExtension manifest.
oct. 19, 2016 14:25:44.74 1476879944748	addons.webextension.rested@restedclient	WARN	Loading extension 'rested@restedclient': Reading manifest: Error processing license: An unexpected property was found in the WebExtension manifest.
oct. 19, 2016 14:25:44.77 1476879944779	addons.webextension.rested@restedclient	WARN	Please specify whether you want browser_style or not in your browser_action options.
oct. 19, 2016 14:25:46.30 Couldn't get object: TypeError: Components.classes[cid] is undefined
oct. 19, 2016 14:25:46.30 Couldn't get string: closeAndStopPicking
oct. 19, 2016 14:43:44.93 1476881024939	addons.webextension.rested@restedclient	WARN	Loading extension 'rested@restedclient': Reading manifest: Error processing contributors: An unexpected property was found in the WebExtension manifest.
oct. 19, 2016 14:43:44.94 1476881024939	addons.webextension.rested@restedclient	WARN	Loading extension 'rested@restedclient': Reading manifest: Error processing license: An unexpected property was found in the WebExtension manifest.
oct. 19, 2016 14:43:44.97 1476881024971	addons.webextension.rested@restedclient	WARN	Please specify whether you want browser_style or not in your browser_action options.
oct. 19, 2016 14:43:46.36 Couldn't get object: TypeError: Components.classes[cid] is undefined
oct. 19, 2016 14:43:46.36 Couldn't get string: closeAndStopPicking
oct. 19, 2016 15:04:40.13 1476882280132	addons.webextension.rested@restedclient	WARN	Loading extension 'rested@restedclient': Reading manifest: Error processing contributors: An unexpected property was found in the WebExtension manifest.
oct. 19, 2016 15:04:40.13 1476882280133	addons.webextension.rested@restedclient	WARN	Loading extension 'rested@restedclient': Reading manifest: Error processing license: An unexpected property was found in the WebExtension manifest.
oct. 19, 2016 15:04:40.15 1476882280153	addons.webextension.rested@restedclient	WARN	Please specify whether you want browser_style or not in your browser_action options.
oct. 19, 2016 15:04:41.09 Couldn't get object: TypeError: Components.classes[cid] is undefined
oct. 19, 2016 15:04:41.09 Couldn't get string: closeAndStopPicking
oct. 19, 2016 16:36:33.75 1476887793750	addons.webextension.rested@restedclient	WARN	Loading extension 'rested@restedclient': Reading manifest: Error processing contributors: An unexpected property was found in the WebExtension manifest.
oct. 19, 2016 16:36:33.75 1476887793751	addons.webextension.rested@restedclient	WARN	Loading extension 'rested@restedclient': Reading manifest: Error processing license: An unexpected property was found in the WebExtension manifest.
oct. 19, 2016 16:36:33.76 1476887793769	addons.webextension.rested@restedclient	WARN	Please specify whether you want browser_style or not in your browser_action options.
oct. 19, 2016 16:36:34.68 Couldn't get object: TypeError: Components.classes[cid] is undefined
oct. 19, 2016 16:36:34.69 Couldn't get string: closeAndStopPicking
