2016-09-30 15:35:56,487 [main] WARN  org.eclipse.jgit.util.FS_Win32 - null
2016-09-30 15:42:43,526 [main] WARN  org.eclipse.jgit.util.FS_Win32 - null
2016-09-30 15:47:21,111 [Worker-0] WARN  org.eclipse.jgit.util.FS_Win32 - null
2016-09-30 16:15:07,726 [main] WARN  org.eclipse.jgit.util.FS_Win32 - null
2016-09-30 16:18:40,112 [main] WARN  org.eclipse.jgit.util.FS_Win32 - null
2016-09-30 22:02:19,170 [Worker-6] WARN  org.eclipse.jgit.util.FS_Win32 - null
2016-10-01 11:59:23,069 [Worker-5] WARN  org.eclipse.jgit.util.FS_Win32 - null
2016-10-04 10:33:25,829 [main] ERROR o.e.m.w.i.WTPResourcesContentProvider - Error getting pipelined children : Resource '/BDCenter' does not exist.
org.eclipse.core.internal.resources.ResourceException: Resource '/BDCenter' does not exist.
	at org.eclipse.core.internal.resources.Resource.checkExists(Resource.java:335) ~[na:na]
	at org.eclipse.core.internal.resources.Resource.checkAccessible(Resource.java:209) ~[na:na]
	at org.eclipse.core.internal.resources.Project.checkAccessible(Project.java:141) ~[na:na]
	at org.eclipse.core.internal.resources.Project.hasNature(Project.java:521) ~[na:na]
	at org.eclipse.m2e.wtp.internal.WTPResourcesContentProvider.getPipelinedChildren(WTPResourcesContentProvider.java:75) ~[na:na]
	at org.eclipse.ui.internal.navigator.extensions.SafeDelegateTreeContentProvider.getPipelinedChildren(SafeDelegateTreeContentProvider.java:172) [org.eclipse.ui.navigator_3.6.100.v20160518-1929.jar:na]
	at org.eclipse.ui.internal.navigator.NavigatorContentServiceContentProvider.pipelineChildren(NavigatorContentServiceContentProvider.java:212) [org.eclipse.ui.navigator_3.6.100.v20160518-1929.jar:na]
	at org.eclipse.ui.internal.navigator.NavigatorContentServiceContentProvider.access$1(NavigatorContentServiceContentProvider.java:198) [org.eclipse.ui.navigator_3.6.100.v20160518-1929.jar:na]
	at org.eclipse.ui.internal.navigator.NavigatorContentServiceContentProvider$1.run(NavigatorContentServiceContentProvider.java:166) [org.eclipse.ui.navigator_3.6.100.v20160518-1929.jar:na]
	at org.eclipse.core.runtime.SafeRunner.run(SafeRunner.java:42) [org.eclipse.equinox.common_3.8.0.v20160509-1230.jar:na]
	at org.eclipse.ui.internal.navigator.NavigatorContentServiceContentProvider.internalGetChildren(NavigatorContentServiceContentProvider.java:143) [org.eclipse.ui.navigator_3.6.100.v20160518-1929.jar:na]
	at org.eclipse.ui.internal.navigator.NavigatorContentServiceContentProvider.getChildren(NavigatorContentServiceContentProvider.java:129) [org.eclipse.ui.navigator_3.6.100.v20160518-1929.jar:na]
	at org.eclipse.jface.viewers.AbstractTreeViewer.getRawChildren(AbstractTreeViewer.java:1365) [org.eclipse.jface_3.12.0.v20160518-1929.jar:na]
	at org.eclipse.jface.viewers.TreeViewer.getRawChildren(TreeViewer.java:341) [org.eclipse.jface_3.12.0.v20160518-1929.jar:na]
	at org.eclipse.jface.viewers.StructuredViewer.getFilteredChildren(StructuredViewer.java:907) [org.eclipse.jface_3.12.0.v20160518-1929.jar:na]
	at org.eclipse.jface.viewers.AbstractTreeViewer.getSortedChildren(AbstractTreeViewer.java:621) [org.eclipse.jface_3.12.0.v20160518-1929.jar:na]
	at org.eclipse.jface.viewers.AbstractTreeViewer.lambda$0(AbstractTreeViewer.java:815) [org.eclipse.jface_3.12.0.v20160518-1929.jar:na]
	at org.eclipse.swt.custom.BusyIndicator.showWhile(BusyIndicator.java:70) ~[org.eclipse.swt.win32.win32.x86_64_3.105.1.v20160907-0248.jar:na]
	at org.eclipse.jface.viewers.AbstractTreeViewer.createChildren(AbstractTreeViewer.java:795) [org.eclipse.jface_3.12.0.v20160518-1929.jar:na]
	at org.eclipse.jface.viewers.TreeViewer.createChildren(TreeViewer.java:596) [org.eclipse.jface_3.12.0.v20160518-1929.jar:na]
	at org.eclipse.jface.viewers.AbstractTreeViewer.createChildren(AbstractTreeViewer.java:766) [org.eclipse.jface_3.12.0.v20160518-1929.jar:na]
	at org.eclipse.jface.viewers.AbstractTreeViewer.setExpandedState(AbstractTreeViewer.java:2488) [org.eclipse.jface_3.12.0.v20160518-1929.jar:na]
	at org.eclipse.wst.jsdt.internal.ui.navigator.OpenAndExpand.expand(OpenAndExpand.java:260) ~[na:na]
	at org.eclipse.wst.jsdt.internal.ui.navigator.OpenAndExpand.run(OpenAndExpand.java:46) ~[na:na]
	at org.eclipse.ui.actions.RetargetAction.run(RetargetAction.java:225) ~[na:na]
	at org.eclipse.ui.navigator.CommonNavigatorManager$2.open(CommonNavigatorManager.java:191) ~[na:na]
	at org.eclipse.ui.OpenAndLinkWithEditorHelper$InternalListener.open(OpenAndLinkWithEditorHelper.java:46) ~[na:na]
	at org.eclipse.jface.viewers.StructuredViewer$2.run(StructuredViewer.java:855) ~[org.eclipse.jface_3.12.0.v20160518-1929.jar:na]
	at org.eclipse.core.runtime.SafeRunner.run(SafeRunner.java:42) [org.eclipse.equinox.common_3.8.0.v20160509-1230.jar:na]
	at org.eclipse.ui.internal.JFaceUtil$1.run(JFaceUtil.java:50) ~[na:na]
	at org.eclipse.jface.util.SafeRunnable.run(SafeRunnable.java:173) ~[org.eclipse.jface_3.12.0.v20160518-1929.jar:na]
	at org.eclipse.jface.viewers.StructuredViewer.fireOpen(StructuredViewer.java:852) [org.eclipse.jface_3.12.0.v20160518-1929.jar:na]
	at org.eclipse.jface.viewers.StructuredViewer.handleOpen(StructuredViewer.java:1169) [org.eclipse.jface_3.12.0.v20160518-1929.jar:na]
	at org.eclipse.ui.navigator.CommonViewer.handleOpen(CommonViewer.java:451) ~[na:na]
	at org.eclipse.jface.util.OpenStrategy.fireOpenEvent(OpenStrategy.java:278) ~[org.eclipse.jface_3.12.0.v20160518-1929.jar:na]
	at org.eclipse.jface.util.OpenStrategy.access$2(OpenStrategy.java:272) ~[org.eclipse.jface_3.12.0.v20160518-1929.jar:na]
	at org.eclipse.jface.util.OpenStrategy$1.handleEvent(OpenStrategy.java:313) ~[org.eclipse.jface_3.12.0.v20160518-1929.jar:na]
	at org.eclipse.swt.widgets.EventTable.sendEvent(EventTable.java:84) ~[org.eclipse.swt.win32.win32.x86_64_3.105.1.v20160907-0248.jar:na]
	at org.eclipse.swt.widgets.Display.sendEvent(Display.java:4410) ~[org.eclipse.swt.win32.win32.x86_64_3.105.1.v20160907-0248.jar:na]
	at org.eclipse.swt.widgets.Widget.sendEvent(Widget.java:1079) ~[org.eclipse.swt.win32.win32.x86_64_3.105.1.v20160907-0248.jar:na]
	at org.eclipse.swt.widgets.Display.runDeferredEvents(Display.java:4228) ~[org.eclipse.swt.win32.win32.x86_64_3.105.1.v20160907-0248.jar:na]
	at org.eclipse.swt.widgets.Display.readAndDispatch(Display.java:3816) ~[org.eclipse.swt.win32.win32.x86_64_3.105.1.v20160907-0248.jar:na]
	at org.eclipse.e4.ui.internal.workbench.swt.PartRenderingEngine$4.run(PartRenderingEngine.java:1121) ~[na:na]
	at org.eclipse.core.databinding.observable.Realm.runWithDefault(Realm.java:336) ~[na:na]
	at org.eclipse.e4.ui.internal.workbench.swt.PartRenderingEngine.run(PartRenderingEngine.java:1022) ~[na:na]
	at org.eclipse.e4.ui.internal.workbench.E4Workbench.createAndRunUI(E4Workbench.java:150) ~[na:na]
	at org.eclipse.ui.internal.Workbench$5.run(Workbench.java:687) ~[na:na]
	at org.eclipse.core.databinding.observable.Realm.runWithDefault(Realm.java:336) ~[na:na]
	at org.eclipse.ui.internal.Workbench.createAndRunWorkbench(Workbench.java:604) ~[na:na]
	at org.eclipse.ui.PlatformUI.createAndRunWorkbench(PlatformUI.java:148) ~[na:na]
	at org.eclipse.ui.internal.ide.application.IDEApplication.start(IDEApplication.java:138) ~[na:na]
	at org.eclipse.equinox.internal.app.EclipseAppHandle.run(EclipseAppHandle.java:196) ~[org.eclipse.equinox.app_1.3.400.v20150715-1528.jar:na]
	at org.eclipse.core.runtime.internal.adaptor.EclipseAppLauncher.runApplication(EclipseAppLauncher.java:134) ~[org.eclipse.osgi_3.11.1.v20160708-1632.jar:na]
	at org.eclipse.core.runtime.internal.adaptor.EclipseAppLauncher.start(EclipseAppLauncher.java:104) ~[org.eclipse.osgi_3.11.1.v20160708-1632.jar:na]
	at org.eclipse.core.runtime.adaptor.EclipseStarter.run(EclipseStarter.java:388) ~[org.eclipse.osgi_3.11.1.v20160708-1632.jar:na]
	at org.eclipse.core.runtime.adaptor.EclipseStarter.run(EclipseStarter.java:243) ~[org.eclipse.osgi_3.11.1.v20160708-1632.jar:na]
	at sun.reflect.NativeMethodAccessorImpl.invoke0(Native Method) ~[na:1.8.0_102]
	at sun.reflect.NativeMethodAccessorImpl.invoke(Unknown Source) ~[na:1.8.0_102]
	at sun.reflect.DelegatingMethodAccessorImpl.invoke(Unknown Source) ~[na:1.8.0_102]
	at java.lang.reflect.Method.invoke(Unknown Source) ~[na:1.8.0_102]
	at org.eclipse.equinox.launcher.Main.invokeFramework(Main.java:673) ~[org.eclipse.equinox.launcher_1.3.200.v20160318-1642.jar:na]
	at org.eclipse.equinox.launcher.Main.basicRun(Main.java:610) ~[org.eclipse.equinox.launcher_1.3.200.v20160318-1642.jar:na]
	at org.eclipse.equinox.launcher.Main.run(Main.java:1519) ~[org.eclipse.equinox.launcher_1.3.200.v20160318-1642.jar:na]
2016-10-04 10:33:28,111 [Worker-23] WARN  org.eclipse.jgit.util.FS_Win32 - null
2016-10-04 15:58:42,472 [Worker-12] WARN  org.eclipse.jgit.util.FS_Win32 - null
2016-10-04 20:54:50,774 [Worker-13] WARN  org.eclipse.jgit.util.FS_Win32 - null
